[2026-02-18T13:22:32.404+0000] {local_task_job_runner.py:123} INFO - ::group::Pre task execution logs
[2026-02-18T13:22:32.434+0000] {taskinstance.py:2613} INFO - Dependencies all met for dep_context=non-requeueable deps ti=<TaskInstance: strava_sync.sync_strava_activities manual__2026-02-18T13:22:31.907725+00:00 [queued]>
[2026-02-18T13:22:32.445+0000] {taskinstance.py:2613} INFO - Dependencies all met for dep_context=requeueable deps ti=<TaskInstance: strava_sync.sync_strava_activities manual__2026-02-18T13:22:31.907725+00:00 [queued]>
[2026-02-18T13:22:32.445+0000] {taskinstance.py:2866} INFO - Starting attempt 1 of 3
[2026-02-18T13:22:32.467+0000] {taskinstance.py:2889} INFO - Executing <Task(PythonOperator): sync_strava_activities> on 2026-02-18 13:22:31.907725+00:00
[2026-02-18T13:22:32.480+0000] {standard_task_runner.py:72} INFO - Started process 257 to run task
[2026-02-18T13:22:32.486+0000] {standard_task_runner.py:104} INFO - Running: ['airflow', 'tasks', 'run', 'strava_sync', 'sync_strava_activities', 'manual__2026-02-18T13:22:31.907725+00:00', '--job-id', '3', '--raw', '--subdir', 'DAGS_FOLDER/strava_sync_dag.py', '--cfg-path', '/tmp/tmpa0xxc3hh']
[2026-02-18T13:22:32.490+0000] {standard_task_runner.py:105} INFO - Job 3: Subtask sync_strava_activities
[2026-02-18T13:22:32.594+0000] {task_command.py:467} INFO - Running <TaskInstance: strava_sync.sync_strava_activities manual__2026-02-18T13:22:31.907725+00:00 [running]> on host 4ee6356af241
[2026-02-18T13:22:32.748+0000] {taskinstance.py:3132} INFO - Exporting env vars: AIRFLOW_CTX_DAG_OWNER='vladimir' AIRFLOW_CTX_DAG_ID='strava_sync' AIRFLOW_CTX_TASK_ID='sync_strava_activities' AIRFLOW_CTX_EXECUTION_DATE='2026-02-18T13:22:31.907725+00:00' AIRFLOW_CTX_TRY_NUMBER='1' AIRFLOW_CTX_DAG_RUN_ID='manual__2026-02-18T13:22:31.907725+00:00'
[2026-02-18T13:22:32.749+0000] {taskinstance.py:731} INFO - ::endgroup::
[2026-02-18T13:22:32.860+0000] {logging_mixin.py:190} INFO - [ERROR] Sync failed: 'decimal.Decimal' object cannot be interpreted as an integer
[2026-02-18T13:22:32.862+0000] {taskinstance.py:3311} ERROR - Task failed with exception
Traceback (most recent call last):
  File "/home/airflow/.local/lib/python3.11/site-packages/airflow/models/taskinstance.py", line 767, in _execute_task
    result = _execute_callable(context=context, **execute_callable_kwargs)
             ^^^^^^^^^^^^^^^^^^^^^^^^^^^^^^^^^^^^^^^^^^^^^^^^^^^^^^^^^^^^^
  File "/home/airflow/.local/lib/python3.11/site-packages/airflow/models/taskinstance.py", line 733, in _execute_callable
    return ExecutionCallableRunner(
           ^^^^^^^^^^^^^^^^^^^^^^^^
  File "/home/airflow/.local/lib/python3.11/site-packages/airflow/utils/operator_helpers.py", line 252, in run
    return self.func(*args, **kwargs)
           ^^^^^^^^^^^^^^^^^^^^^^^^^^
  File "/home/airflow/.local/lib/python3.11/site-packages/airflow/models/baseoperator.py", line 422, in wrapper
    return func(self, *args, **kwargs)
           ^^^^^^^^^^^^^^^^^^^^^^^^^^^
  File "/home/airflow/.local/lib/python3.11/site-packages/airflow/operators/python.py", line 238, in execute
    return_value = self.execute_callable()
                   ^^^^^^^^^^^^^^^^^^^^^^^
  File "/home/airflow/.local/lib/python3.11/site-packages/airflow/operators/python.py", line 256, in execute_callable
    return runner.run(*self.op_args, **self.op_kwargs)
           ^^^^^^^^^^^^^^^^^^^^^^^^^^^^^^^^^^^^^^^^^^^
  File "/home/airflow/.local/lib/python3.11/site-packages/airflow/utils/operator_helpers.py", line 252, in run
    return self.func(*args, **kwargs)
           ^^^^^^^^^^^^^^^^^^^^^^^^^^
  File "/opt/airflow/dags/strava_sync_dag.py", line 32, in run_sync
    sync(full=False, fetch_streams=False)
  File "/opt/airflow/sync.py", line 167, in sync
    print(f"[INFO] Incremental sync: fetching activities after {datetime.fromtimestamp(after, tz=timezone.utc)}")
                                                                ^^^^^^^^^^^^^^^^^^^^^^^^^^^^^^^^^^^^^^^^^^^^^^
TypeError: 'decimal.Decimal' object cannot be interpreted as an integer
[2026-02-18T13:22:32.891+0000] {taskinstance.py:1225} INFO - Marking task as UP_FOR_RETRY. dag_id=strava_sync, task_id=sync_strava_activities, run_id=manual__2026-02-18T13:22:31.907725+00:00, execution_date=20260218T132231, start_date=20260218T132232, end_date=20260218T132232
[2026-02-18T13:22:32.921+0000] {taskinstance.py:340} INFO - ::group::Post task execution logs
[2026-02-18T13:22:32.922+0000] {standard_task_runner.py:124} ERROR - Failed to execute job 3 for task sync_strava_activities ('decimal.Decimal' object cannot be interpreted as an integer; 257)
Traceback (most recent call last):
  File "/home/airflow/.local/lib/python3.11/site-packages/airflow/task/task_runner/standard_task_runner.py", line 117, in _start_by_fork
    ret = args.func(args, dag=self.dag)
          ^^^^^^^^^^^^^^^^^^^^^^^^^^^^^
  File "/home/airflow/.local/lib/python3.11/site-packages/airflow/cli/cli_config.py", line 49, in command
    return func(*args, **kwargs)
           ^^^^^^^^^^^^^^^^^^^^^
  File "/home/airflow/.local/lib/python3.11/site-packages/airflow/utils/cli.py", line 116, in wrapper
    return f(*args, **kwargs)
           ^^^^^^^^^^^^^^^^^^
  File "/home/airflow/.local/lib/python3.11/site-packages/airflow/cli/commands/task_command.py", line 483, in task_run
    task_return_code = _run_task_by_selected_method(args, _dag, ti)
                       ^^^^^^^^^^^^^^^^^^^^^^^^^^^^^^^^^^^^^^^^^^^^
  File "/home/airflow/.local/lib/python3.11/site-packages/airflow/cli/commands/task_command.py", line 256, in _run_task_by_selected_method
    return _run_raw_task(args, ti)
           ^^^^^^^^^^^^^^^^^^^^^^^
  File "/home/airflow/.local/lib/python3.11/site-packages/airflow/cli/commands/task_command.py", line 341, in _run_raw_task
    return ti._run_raw_task(
           ^^^^^^^^^^^^^^^^^
  File "/home/airflow/.local/lib/python3.11/site-packages/airflow/utils/session.py", line 97, in wrapper
    return func(*args, session=session, **kwargs)
           ^^^^^^^^^^^^^^^^^^^^^^^^^^^^^^^^^^^^^^
  File "/home/airflow/.local/lib/python3.11/site-packages/airflow/models/taskinstance.py", line 3005, in _run_raw_task
    return _run_raw_task(
           ^^^^^^^^^^^^^^
  File "/home/airflow/.local/lib/python3.11/site-packages/airflow/models/taskinstance.py", line 273, in _run_raw_task
    TaskInstance._execute_task_with_callbacks(
  File "/home/airflow/.local/lib/python3.11/site-packages/airflow/models/taskinstance.py", line 3159, in _execute_task_with_callbacks
    result = self._execute_task(context, task_orig)
             ^^^^^^^^^^^^^^^^^^^^^^^^^^^^^^^^^^^^^^
  File "/home/airflow/.local/lib/python3.11/site-packages/airflow/models/taskinstance.py", line 3183, in _execute_task
    return _execute_task(self, context, task_orig)
           ^^^^^^^^^^^^^^^^^^^^^^^^^^^^^^^^^^^^^^^
  File "/home/airflow/.local/lib/python3.11/site-packages/airflow/models/taskinstance.py", line 767, in _execute_task
    result = _execute_callable(context=context, **execute_callable_kwargs)
             ^^^^^^^^^^^^^^^^^^^^^^^^^^^^^^^^^^^^^^^^^^^^^^^^^^^^^^^^^^^^^
  File "/home/airflow/.local/lib/python3.11/site-packages/airflow/models/taskinstance.py", line 733, in _execute_callable
    return ExecutionCallableRunner(
           ^^^^^^^^^^^^^^^^^^^^^^^^
  File "/home/airflow/.local/lib/python3.11/site-packages/airflow/utils/operator_helpers.py", line 252, in run
    return self.func(*args, **kwargs)
           ^^^^^^^^^^^^^^^^^^^^^^^^^^
  File "/home/airflow/.local/lib/python3.11/site-packages/airflow/models/baseoperator.py", line 422, in wrapper
    return func(self, *args, **kwargs)
           ^^^^^^^^^^^^^^^^^^^^^^^^^^^
  File "/home/airflow/.local/lib/python3.11/site-packages/airflow/operators/python.py", line 238, in execute
    return_value = self.execute_callable()
                   ^^^^^^^^^^^^^^^^^^^^^^^
  File "/home/airflow/.local/lib/python3.11/site-packages/airflow/operators/python.py", line 256, in execute_callable
    return runner.run(*self.op_args, **self.op_kwargs)
           ^^^^^^^^^^^^^^^^^^^^^^^^^^^^^^^^^^^^^^^^^^^
  File "/home/airflow/.local/lib/python3.11/site-packages/airflow/utils/operator_helpers.py", line 252, in run
    return self.func(*args, **kwargs)
           ^^^^^^^^^^^^^^^^^^^^^^^^^^
  File "/opt/airflow/dags/strava_sync_dag.py", line 32, in run_sync
    sync(full=False, fetch_streams=False)
  File "/opt/airflow/sync.py", line 167, in sync
    print(f"[INFO] Incremental sync: fetching activities after {datetime.fromtimestamp(after, tz=timezone.utc)}")
                                                                ^^^^^^^^^^^^^^^^^^^^^^^^^^^^^^^^^^^^^^^^^^^^^^
TypeError: 'decimal.Decimal' object cannot be interpreted as an integer
[2026-02-18T13:22:32.956+0000] {local_task_job_runner.py:266} INFO - Task exited with return code 1
[2026-02-18T13:22:33.003+0000] {taskinstance.py:3895} INFO - 0 downstream tasks scheduled from follow-on schedule check
[2026-02-18T13:22:33.005+0000] {local_task_job_runner.py:245} INFO - ::endgroup::
